<html xmlns:math="http://exslt.org/math" xmlns:testng="http://testng.org">
   <head>
      <title>TestNG Results</title>
      <meta http-equiv="content-type" content="text/html; charset=utf-8"></meta>
      <meta http-equiv="pragma" content="no-cache"></meta>
      <meta http-equiv="cache-control" content="max-age=0"></meta>
      <meta http-equiv="cache-control" content="no-cache"></meta>
      <meta http-equiv="cache-control" content="no-store"></meta>
      <LINK rel="stylesheet" href="style.css"></LINK>
      <script type="text/javascript" src="main.js"></script>
   </head>
   <body>
      <table width="100%" style="font-size: 16px; margin-bottom: 10px;" cellspacing="1">
         <tr>
            <td width="100%">
               									Test case
               									
               <b>Test</b>
            </td>
            <td style="background-color: #FFBBBB; padding: 3px 3px 3px 0;" align="center">
               <div style="width: 50px;">1</div>
            </td>
            <td style="background-color: lightgreen; padding: 3px 3px 3px 0;" align="center">
               <div style="width: 50px;">2</div>
            </td>
            <td style="background-color: #FFFFBB; padding: 3px 3px 3px 0;" align="center">
               <div style="width: 50px;">0</div>
            </td>
            <td align="center" style="background-color: #eaf0f7; padding: 3px 3px 3px 0;">
               <div style="width: 50px;">3</div>
            </td>
            <td align="center"
                style="font-weight: bold; background-color: #eaf0f7; padding: 3px 3px 3px 0;">
               <div style="width: 50px;">67%</div>
            </td>
         </tr>
      </table>
      <div style="width: 200px;">
         <label for="groupMethodsCheckBox" style="font-weight: bold; margin: 0;">
            <input id="groupMethodsCheckBox" type="checkbox" onclick="switchTestMethodsView(this)"></input>
            				Group by class
            			
         </label>
         <br></br>
         <label for="methodsFilter_ALL" style="font-weight: bold; margin: 0;">
            <input id="methodsFilter_ALL" type="checkbox"
                   onclick="testMethodsFilterChanged(this, 'ALL')"></input>
            				All
            			
         </label>
      </div>
      <label for="methodsFilter_FAIL" style="margin-left: 20px;">
         <input id="methodsFilter_FAIL" type="checkbox"
                onclick="testMethodsFilterChanged(this, 'FAIL')"
                checked=""></input>
         			Failed
         		
      </label>
      <label for="methodsFilter_PASS">
         <input id="methodsFilter_PASS" type="checkbox"
                onclick="testMethodsFilterChanged(this, 'PASS')"
                checked=""></input>
         			Passed
         		
      </label>
      <label for="methodsFilter_SKIP">
         <input id="methodsFilter_SKIP" type="checkbox"
                onclick="testMethodsFilterChanged(this, 'SKIP')"
                checked=""></input>
         			Skipped
         		
      </label>
      <label for="methodsFilter_CONF">
         <input id="methodsFilter_CONF" type="checkbox"
                onclick="testMethodsFilterChanged(this, 'CONF')"></input>
         			Config
         		
      </label>
      <br></br>
      <div id="testMethodsByStatus">
         <table class="testMethodsTable" cellpadding="0" cellspacing="0">
            <tr class="methodsTableHeader">
               <td width="100%">Name</td>
               <td nowrap="true">Started</td>
               <td nowrap="true">Duration</td>
               <td>Exception</td>
            </tr>
            <tr id="aolaigo.testsuite.login.LoginTestSuiteTestng_Login_phone_TestCase_01_byStatus_failed_FAIL1_row"
                class="testMethodStatusFAIL">
               <td width="100%" class="firstMethodCell">
                  <a onclick="toggleDetailsVisibility('aolaigo.testsuite.login.LoginTestSuiteTestng_Login_phone_TestCase_01_byStatus_failed_FAIL1_details')">Login_phone_TestCase_01()</a>
               </td>
               <td nowrap="true">15:52:19</td>
               <td nowrap="true" align="right">5
                  				m
                  			13
                  				s
                  			
               </td>
               <td nowrap="true">
                  <a onclick="toggleDetailsVisibility('aolaigo.testsuite.login.LoginTestSuiteTestng_Login_phone_TestCase_01_byStatus_failed_FAIL1_exception')">org.openqa.selenium.NoSuchElementException: 
                     Timed out after 120 seconds. Unable to locate the element
                     For documentation on this error, please visit: http://seleniumhq.org/exceptions/no_such_element.html
                     Build info: version: '2.43.1', revision: '5163bce', time: '2014-09-10 16:27:58'
                     System info: host: 'WIN-1J0MS8955GV', ip: '192.168.115.1', os.name: 'Windows Server 2012', os.arch: 'amd64', os.version: '6.2',
                     java.version: '1.7.0_67'
                     Driver info: driver.version: unknown
                     
                  </a>
                  					 
                  				
               </td>
            </tr>
            <tr>
               <td colspan="4" class="detailsBox">
                  <div id="aolaigo.testsuite.login.LoginTestSuiteTestng_Login_phone_TestCase_01_byStatus_failed_FAIL1_details"
                       class="testMethodDetails">
                     <div>
                        <b>Name: </b>Login_phone_TestCase_01
                     </div>
                     <div>
                        <b>Signature: </b>Login_phone_TestCase_01()[pri:0, instance:aolaigo.testsuite.login.LoginTestSuiteTestng@2142b533]
                     </div>
                     <div>
                        <b>Start time: </b>15:52:19
                     </div>
                     <div>
                        <b>End time: </b>15:57:31
                     </div>
                     <div>
                        <b>Duration: </b>5
                        				m
                        			13
                        				s
                        			
                     </div>
                  </div>
               </td>
            </tr>
            <tr>
               <td colspan="4" class="detailsBox">
                  <div id="aolaigo.testsuite.login.LoginTestSuiteTestng_Login_phone_TestCase_01_byStatus_failed_FAIL1_exception"
                       class="testMethodDetails">
                     <pre style="padding: 5px; margin: 0;">org.openqa.selenium.NoSuchElementException: Timed out after 120 seconds. Unable to locate the element
                        For documentation on this error, please visit: http://seleniumhq.org/exceptions/no_such_element.html
                        Build info: version: '2.43.1', revision: '5163bce', time: '2014-09-10 16:27:58'
                        System info: host: 'WIN-1J0MS8955GV', ip: '192.168.115.1', os.name: 'Windows Server 2012', os.arch: 'amd64', os.version: '6.2',
                        java.version: '1.7.0_67'
                        Driver info: driver.version: unknown
                        	at org.openqa.selenium.support.pagefactory.AjaxElementLocator.findElement(AjaxElementLocator.java:72)
                        	at org.openqa.selenium.support.pagefactory.internal.LocatingElementHandler.invoke(LocatingElementHandler.java:37)
                        	at com.sun.proxy.$Proxy8.isDisplayed(Unknown Source)
                        	at aolaigo.module.Login.checkResult(Unknown Source)
                        	at aolaigo.testsuite.login.LoginTestSuiteJunit.Login_TestCase_01(Unknown Source)
                        	at aolaigo.testsuite.login.LoginTestSuiteTestng.Login_phone_TestCase_01(Unknown Source)
                        	at sun.reflect.NativeMethodAccessorImpl.invoke0(Native Method)
                        	at sun.reflect.NativeMethodAccessorImpl.invoke(Unknown Source)
                        	at sun.reflect.DelegatingMethodAccessorImpl.invoke(Unknown Source)
                        	at java.lang.reflect.Method.invoke(Unknown Source)
                        	at org.testng.internal.MethodInvocationHelper.invokeMethod(MethodInvocationHelper.java:84)
                        	at org.testng.internal.Invoker.invokeMethod(Invoker.java:714)
                        	at org.testng.internal.Invoker.invokeTestMethod(Invoker.java:901)
                        	at org.testng.internal.Invoker.invokeTestMethods(Invoker.java:1231)
                        	at org.testng.internal.TestMethodWorker.invokeTestMethods(TestMethodWorker.java:127)
                        	at org.testng.internal.TestMethodWorker.run(TestMethodWorker.java:111)
                        	at org.testng.TestRunner.privateRun(TestRunner.java:767)
                        	at org.testng.TestRunner.run(TestRunner.java:617)
                        	at org.testng.SuiteRunner.runTest(SuiteRunner.java:334)
                        	at org.testng.SuiteRunner.runSequentially(SuiteRunner.java:329)
                        	at org.testng.SuiteRunner.privateRun(SuiteRunner.java:291)
                        	at org.testng.SuiteRunner.run(SuiteRunner.java:240)
                        	at org.testng.SuiteRunnerWorker.runSuite(SuiteRunnerWorker.java:52)
                        	at org.testng.SuiteRunnerWorker.run(SuiteRunnerWorker.java:86)
                        	at org.testng.TestNG.runSuitesSequentially(TestNG.java:1224)
                        	at org.testng.TestNG.runSuitesLocally(TestNG.java:1149)
                        	at org.testng.TestNG.run(TestNG.java:1057)
                        	at org.testng.TestNG.privateMain(TestNG.java:1364)
                        	at org.testng.TestNG.main(TestNG.java:1333)
                        Caused by: org.openqa.selenium.NoSuchElementException: Unable to locate element: {"method":"id","selector":"box1"}
                        Command duration or timeout: 30.10 seconds
                        For documentation on this error, please visit: http://seleniumhq.org/exceptions/no_such_element.html
                        Build info: version: '2.43.1', revision: '5163bce', time: '2014-09-10 16:27:58'
                        System info: host: 'WIN-1J0MS8955GV', ip: '192.168.115.1', os.name: 'Windows Server 2012', os.arch: 'amd64', os.version: '6.2',
                        java.version: '1.7.0_67'
                        Session ID: 41afb30d-b339-4c16-bec3-15e38dba0d37
                        Driver info: org.openqa.selenium.firefox.FirefoxDriver
                        Capabilities [{platform=WINDOWS, databaseEnabled=true, cssSelectorsEnabled=true, javascriptEnabled=true, acceptSslCerts=true,
                        handlesAlerts=true, browserName=firefox, webStorageEnabled=true, nativeEvents=false, rotatable=false, locationContextEnabled=true,
                        applicationCacheEnabled=true, takesScreenshot=true, version=34.0.5}]
                        	at sun.reflect.NativeConstructorAccessorImpl.newInstance0(Native Method)
                        	at sun.reflect.NativeConstructorAccessorImpl.newInstance(Unknown Source)
                        	at sun.reflect.DelegatingConstructorAccessorImpl.newInstance(Unknown Source)
                        	at java.lang.reflect.Constructor.newInstance(Unknown Source)
                        	at org.openqa.selenium.remote.ErrorHandler.createThrowable(ErrorHandler.java:204)
                        	at org.openqa.selenium.remote.ErrorHandler.throwIfResponseFailed(ErrorHandler.java:156)
                        	at org.openqa.selenium.remote.RemoteWebDriver.execute(RemoteWebDriver.java:599)
                        	at org.openqa.selenium.remote.RemoteWebDriver.findElement(RemoteWebDriver.java:352)
                        	at org.openqa.selenium.remote.RemoteWebDriver.findElementById(RemoteWebDriver.java:393)
                        	at org.openqa.selenium.By$ById.findElement(By.java:214)
                        	at org.openqa.selenium.remote.RemoteWebDriver.findElement(RemoteWebDriver.java:344)
                        	at org.openqa.selenium.support.pagefactory.DefaultElementLocator.findElement(DefaultElementLocator.java:59)
                        	at org.openqa.selenium.support.pagefactory.AjaxElementLocator.access$0(AjaxElementLocator.java:1)
                        	at org.openqa.selenium.support.pagefactory.AjaxElementLocator$SlowLoadingElement.isLoaded(AjaxElementLocator.java:140)
                        	at org.openqa.selenium.support.ui.SlowLoadableComponent.get(SlowLoadableComponent.java:69)
                        	at org.openqa.selenium.support.pagefactory.AjaxElementLocator.findElement(AjaxElementLocator.java:70)
                        	... 28 more
                        Caused by: org.openqa.selenium.NoSuchElementException: Unable to locate element: {"method":"id","selector":"box1"}
                        For documentation on this error, please visit: http://seleniumhq.org/exceptions/no_such_element.html
                        Build info: version: '2.43.1', revision: '5163bce', time: '2014-09-10 16:27:58'
                        System info: host: 'WIN-1J0MS8955GV', ip: '192.168.115.1', os.name: 'Windows Server 2012', os.arch: 'amd64', os.version: '6.2',
                        java.version: '1.7.0_67'
                        Driver info: driver.version: unknown
                        	at &lt;anonymous class&gt;.FirefoxDriver.prototype.findElementInternal_(file:///C:/Users/ADMINI~1/AppData/Local/Temp/1/anonymous8692808346058049458webdriver-profile/extensions/fxdriver@googlecode.com/components/driver-component.js:9618:26)
                        	at &lt;anonymous class&gt;.fxdriver.Timer.prototype.setTimeout/&lt;.notify(file:///C:/Users/ADMINI~1/AppData/Local/Temp/1/anonymous8692808346058049458webdriver-profile/extensions/fxdriver@googlecode.com/components/driver-component.js:548:5)
                     </pre>
                  </div>
               </td>
            </tr>
            <tr id="aolaigo.testsuite.search.SearchTestSuiteTestng_Search_input_TestCase_01_byStatus_passed_PASS1_row"
                class="testMethodStatusPASS">
               <td width="100%" class="firstMethodCell">
                  <a onclick="toggleDetailsVisibility('aolaigo.testsuite.search.SearchTestSuiteTestng_Search_input_TestCase_01_byStatus_passed_PASS1_details')">Search_input_TestCase_01()</a>
               </td>
               <td nowrap="true">15:57:31</td>
               <td nowrap="true" align="right">49
                  				s
                  			
               </td>
               <td nowrap="true">
                  					 
                  				
               </td>
            </tr>
            <tr>
               <td colspan="4" class="detailsBox">
                  <div id="aolaigo.testsuite.search.SearchTestSuiteTestng_Search_input_TestCase_01_byStatus_passed_PASS1_details"
                       class="testMethodDetails">
                     <div>
                        <b>Name: </b>Search_input_TestCase_01
                     </div>
                     <div>
                        <b>Signature: </b>Search_input_TestCase_01()[pri:0, instance:aolaigo.testsuite.search.SearchTestSuiteTestng@7609e871]
                     </div>
                     <div>
                        <b>Start time: </b>15:57:31
                     </div>
                     <div>
                        <b>End time: </b>15:58:20
                     </div>
                     <div>
                        <b>Duration: </b>49
                        				s
                        			
                     </div>
                  </div>
               </td>
            </tr>
            <tr></tr>
            <tr id="aolaigo.testsuite.search.SearchTestSuiteTestng_Search_url_TestCase_02_byStatus_passed_PASS2_row"
                class="testMethodStatusPASS">
               <td width="100%" class="firstMethodCell">
                  <a onclick="toggleDetailsVisibility('aolaigo.testsuite.search.SearchTestSuiteTestng_Search_url_TestCase_02_byStatus_passed_PASS2_details')">Search_url_TestCase_02()</a>
               </td>
               <td nowrap="true">15:58:20</td>
               <td nowrap="true" align="right">41
                  				s
                  			
               </td>
               <td nowrap="true">
                  					 
                  				
               </td>
            </tr>
            <tr>
               <td colspan="4" class="detailsBox">
                  <div id="aolaigo.testsuite.search.SearchTestSuiteTestng_Search_url_TestCase_02_byStatus_passed_PASS2_details"
                       class="testMethodDetails">
                     <div>
                        <b>Name: </b>Search_url_TestCase_02
                     </div>
                     <div>
                        <b>Signature: </b>Search_url_TestCase_02()[pri:0, instance:aolaigo.testsuite.search.SearchTestSuiteTestng@7609e871]
                     </div>
                     <div>
                        <b>Start time: </b>15:58:20
                     </div>
                     <div>
                        <b>End time: </b>15:59:01
                     </div>
                     <div>
                        <b>Duration: </b>41
                        				s
                        			
                     </div>
                  </div>
               </td>
            </tr>
            <tr></tr>
         </table>
      </div>
      <div id="testMethodsByClass" style="display: none;">
         <table class="testMethodsTable" cellpadding="0" cellspacing="0">
            <tr>
               <td colspan="4">
                  <h3 style="display: inline;">aolaigo.testsuite.login.LoginTestSuiteTestng</h3>
               </td>
            </tr>
            <tr class="methodsTableHeader">
               <td width="100%">Name</td>
               <td nowrap="true">Started</td>
               <td nowrap="true">Duration</td>
               <td>Exception</td>
            </tr>
            <tr id="aolaigo.testsuite.login.LoginTestSuiteTestng_Login_phone_TestCase_01_byClass_FAIL1_row"
                class="testMethodStatusFAIL">
               <td width="100%" class="firstMethodCell">
                  <a onclick="toggleDetailsVisibility('aolaigo.testsuite.login.LoginTestSuiteTestng_Login_phone_TestCase_01_byClass_FAIL1_details')">Login_phone_TestCase_01()</a>
               </td>
               <td nowrap="true">15:52:19</td>
               <td nowrap="true" align="right">5
                  				m
                  			13
                  				s
                  			
               </td>
               <td nowrap="true">
                  <a onclick="toggleDetailsVisibility('aolaigo.testsuite.login.LoginTestSuiteTestng_Login_phone_TestCase_01_byClass_FAIL1_exception')">org.openqa.selenium.NoSuchElementException: 
                     Timed out after 120 seconds. Unable to locate the element
                     For documentation on this error, please visit: http://seleniumhq.org/exceptions/no_such_element.html
                     Build info: version: '2.43.1', revision: '5163bce', time: '2014-09-10 16:27:58'
                     System info: host: 'WIN-1J0MS8955GV', ip: '192.168.115.1', os.name: 'Windows Server 2012', os.arch: 'amd64', os.version: '6.2',
                     java.version: '1.7.0_67'
                     Driver info: driver.version: unknown
                     
                  </a>
                  					 
                  				
               </td>
            </tr>
            <tr>
               <td colspan="4" class="detailsBox">
                  <div id="aolaigo.testsuite.login.LoginTestSuiteTestng_Login_phone_TestCase_01_byClass_FAIL1_details"
                       class="testMethodDetails">
                     <div>
                        <b>Name: </b>Login_phone_TestCase_01
                     </div>
                     <div>
                        <b>Signature: </b>Login_phone_TestCase_01()[pri:0, instance:aolaigo.testsuite.login.LoginTestSuiteTestng@2142b533]
                     </div>
                     <div>
                        <b>Start time: </b>15:52:19
                     </div>
                     <div>
                        <b>End time: </b>15:57:31
                     </div>
                     <div>
                        <b>Duration: </b>5
                        				m
                        			13
                        				s
                        			
                     </div>
                  </div>
               </td>
            </tr>
            <tr>
               <td colspan="4" class="detailsBox">
                  <div id="aolaigo.testsuite.login.LoginTestSuiteTestng_Login_phone_TestCase_01_byClass_FAIL1_exception"
                       class="testMethodDetails">
                     <pre style="padding: 5px; margin: 0;">org.openqa.selenium.NoSuchElementException: Timed out after 120 seconds. Unable to locate the element
                        For documentation on this error, please visit: http://seleniumhq.org/exceptions/no_such_element.html
                        Build info: version: '2.43.1', revision: '5163bce', time: '2014-09-10 16:27:58'
                        System info: host: 'WIN-1J0MS8955GV', ip: '192.168.115.1', os.name: 'Windows Server 2012', os.arch: 'amd64', os.version: '6.2',
                        java.version: '1.7.0_67'
                        Driver info: driver.version: unknown
                        	at org.openqa.selenium.support.pagefactory.AjaxElementLocator.findElement(AjaxElementLocator.java:72)
                        	at org.openqa.selenium.support.pagefactory.internal.LocatingElementHandler.invoke(LocatingElementHandler.java:37)
                        	at com.sun.proxy.$Proxy8.isDisplayed(Unknown Source)
                        	at aolaigo.module.Login.checkResult(Unknown Source)
                        	at aolaigo.testsuite.login.LoginTestSuiteJunit.Login_TestCase_01(Unknown Source)
                        	at aolaigo.testsuite.login.LoginTestSuiteTestng.Login_phone_TestCase_01(Unknown Source)
                        	at sun.reflect.NativeMethodAccessorImpl.invoke0(Native Method)
                        	at sun.reflect.NativeMethodAccessorImpl.invoke(Unknown Source)
                        	at sun.reflect.DelegatingMethodAccessorImpl.invoke(Unknown Source)
                        	at java.lang.reflect.Method.invoke(Unknown Source)
                        	at org.testng.internal.MethodInvocationHelper.invokeMethod(MethodInvocationHelper.java:84)
                        	at org.testng.internal.Invoker.invokeMethod(Invoker.java:714)
                        	at org.testng.internal.Invoker.invokeTestMethod(Invoker.java:901)
                        	at org.testng.internal.Invoker.invokeTestMethods(Invoker.java:1231)
                        	at org.testng.internal.TestMethodWorker.invokeTestMethods(TestMethodWorker.java:127)
                        	at org.testng.internal.TestMethodWorker.run(TestMethodWorker.java:111)
                        	at org.testng.TestRunner.privateRun(TestRunner.java:767)
                        	at org.testng.TestRunner.run(TestRunner.java:617)
                        	at org.testng.SuiteRunner.runTest(SuiteRunner.java:334)
                        	at org.testng.SuiteRunner.runSequentially(SuiteRunner.java:329)
                        	at org.testng.SuiteRunner.privateRun(SuiteRunner.java:291)
                        	at org.testng.SuiteRunner.run(SuiteRunner.java:240)
                        	at org.testng.SuiteRunnerWorker.runSuite(SuiteRunnerWorker.java:52)
                        	at org.testng.SuiteRunnerWorker.run(SuiteRunnerWorker.java:86)
                        	at org.testng.TestNG.runSuitesSequentially(TestNG.java:1224)
                        	at org.testng.TestNG.runSuitesLocally(TestNG.java:1149)
                        	at org.testng.TestNG.run(TestNG.java:1057)
                        	at org.testng.TestNG.privateMain(TestNG.java:1364)
                        	at org.testng.TestNG.main(TestNG.java:1333)
                        Caused by: org.openqa.selenium.NoSuchElementException: Unable to locate element: {"method":"id","selector":"box1"}
                        Command duration or timeout: 30.10 seconds
                        For documentation on this error, please visit: http://seleniumhq.org/exceptions/no_such_element.html
                        Build info: version: '2.43.1', revision: '5163bce', time: '2014-09-10 16:27:58'
                        System info: host: 'WIN-1J0MS8955GV', ip: '192.168.115.1', os.name: 'Windows Server 2012', os.arch: 'amd64', os.version: '6.2',
                        java.version: '1.7.0_67'
                        Session ID: 41afb30d-b339-4c16-bec3-15e38dba0d37
                        Driver info: org.openqa.selenium.firefox.FirefoxDriver
                        Capabilities [{platform=WINDOWS, databaseEnabled=true, cssSelectorsEnabled=true, javascriptEnabled=true, acceptSslCerts=true,
                        handlesAlerts=true, browserName=firefox, webStorageEnabled=true, nativeEvents=false, rotatable=false, locationContextEnabled=true,
                        applicationCacheEnabled=true, takesScreenshot=true, version=34.0.5}]
                        	at sun.reflect.NativeConstructorAccessorImpl.newInstance0(Native Method)
                        	at sun.reflect.NativeConstructorAccessorImpl.newInstance(Unknown Source)
                        	at sun.reflect.DelegatingConstructorAccessorImpl.newInstance(Unknown Source)
                        	at java.lang.reflect.Constructor.newInstance(Unknown Source)
                        	at org.openqa.selenium.remote.ErrorHandler.createThrowable(ErrorHandler.java:204)
                        	at org.openqa.selenium.remote.ErrorHandler.throwIfResponseFailed(ErrorHandler.java:156)
                        	at org.openqa.selenium.remote.RemoteWebDriver.execute(RemoteWebDriver.java:599)
                        	at org.openqa.selenium.remote.RemoteWebDriver.findElement(RemoteWebDriver.java:352)
                        	at org.openqa.selenium.remote.RemoteWebDriver.findElementById(RemoteWebDriver.java:393)
                        	at org.openqa.selenium.By$ById.findElement(By.java:214)
                        	at org.openqa.selenium.remote.RemoteWebDriver.findElement(RemoteWebDriver.java:344)
                        	at org.openqa.selenium.support.pagefactory.DefaultElementLocator.findElement(DefaultElementLocator.java:59)
                        	at org.openqa.selenium.support.pagefactory.AjaxElementLocator.access$0(AjaxElementLocator.java:1)
                        	at org.openqa.selenium.support.pagefactory.AjaxElementLocator$SlowLoadingElement.isLoaded(AjaxElementLocator.java:140)
                        	at org.openqa.selenium.support.ui.SlowLoadableComponent.get(SlowLoadableComponent.java:69)
                        	at org.openqa.selenium.support.pagefactory.AjaxElementLocator.findElement(AjaxElementLocator.java:70)
                        	... 28 more
                        Caused by: org.openqa.selenium.NoSuchElementException: Unable to locate element: {"method":"id","selector":"box1"}
                        For documentation on this error, please visit: http://seleniumhq.org/exceptions/no_such_element.html
                        Build info: version: '2.43.1', revision: '5163bce', time: '2014-09-10 16:27:58'
                        System info: host: 'WIN-1J0MS8955GV', ip: '192.168.115.1', os.name: 'Windows Server 2012', os.arch: 'amd64', os.version: '6.2',
                        java.version: '1.7.0_67'
                        Driver info: driver.version: unknown
                        	at &lt;anonymous class&gt;.FirefoxDriver.prototype.findElementInternal_(file:///C:/Users/ADMINI~1/AppData/Local/Temp/1/anonymous8692808346058049458webdriver-profile/extensions/fxdriver@googlecode.com/components/driver-component.js:9618:26)
                        	at &lt;anonymous class&gt;.fxdriver.Timer.prototype.setTimeout/&lt;.notify(file:///C:/Users/ADMINI~1/AppData/Local/Temp/1/anonymous8692808346058049458webdriver-profile/extensions/fxdriver@googlecode.com/components/driver-component.js:548:5)
                     </pre>
                  </div>
               </td>
            </tr>
         </table>
         <br></br>
         <table class="testMethodsTable" cellpadding="0" cellspacing="0">
            <tr>
               <td colspan="4">
                  <h3 style="display: inline;">aolaigo.testsuite.search.SearchTestSuiteTestng</h3>
               </td>
            </tr>
            <tr class="methodsTableHeader">
               <td width="100%">Name</td>
               <td nowrap="true">Started</td>
               <td nowrap="true">Duration</td>
               <td>Exception</td>
            </tr>
            <tr id="aolaigo.testsuite.search.SearchTestSuiteTestng_Search_input_TestCase_01_byClass_PASS1_row"
                class="testMethodStatusPASS">
               <td width="100%" class="firstMethodCell">
                  <a onclick="toggleDetailsVisibility('aolaigo.testsuite.search.SearchTestSuiteTestng_Search_input_TestCase_01_byClass_PASS1_details')">Search_input_TestCase_01()</a>
               </td>
               <td nowrap="true">15:57:31</td>
               <td nowrap="true" align="right">49
                  				s
                  			
               </td>
               <td nowrap="true">
                  					 
                  				
               </td>
            </tr>
            <tr>
               <td colspan="4" class="detailsBox">
                  <div id="aolaigo.testsuite.search.SearchTestSuiteTestng_Search_input_TestCase_01_byClass_PASS1_details"
                       class="testMethodDetails">
                     <div>
                        <b>Name: </b>Search_input_TestCase_01
                     </div>
                     <div>
                        <b>Signature: </b>Search_input_TestCase_01()[pri:0, instance:aolaigo.testsuite.search.SearchTestSuiteTestng@7609e871]
                     </div>
                     <div>
                        <b>Start time: </b>15:57:31
                     </div>
                     <div>
                        <b>End time: </b>15:58:20
                     </div>
                     <div>
                        <b>Duration: </b>49
                        				s
                        			
                     </div>
                  </div>
               </td>
            </tr>
            <tr></tr>
            <tr id="aolaigo.testsuite.search.SearchTestSuiteTestng_Search_url_TestCase_02_byClass_PASS2_row"
                class="testMethodStatusPASS">
               <td width="100%" class="firstMethodCell">
                  <a onclick="toggleDetailsVisibility('aolaigo.testsuite.search.SearchTestSuiteTestng_Search_url_TestCase_02_byClass_PASS2_details')">Search_url_TestCase_02()</a>
               </td>
               <td nowrap="true">15:58:20</td>
               <td nowrap="true" align="right">41
                  				s
                  			
               </td>
               <td nowrap="true">
                  					 
                  				
               </td>
            </tr>
            <tr>
               <td colspan="4" class="detailsBox">
                  <div id="aolaigo.testsuite.search.SearchTestSuiteTestng_Search_url_TestCase_02_byClass_PASS2_details"
                       class="testMethodDetails">
                     <div>
                        <b>Name: </b>Search_url_TestCase_02
                     </div>
                     <div>
                        <b>Signature: </b>Search_url_TestCase_02()[pri:0, instance:aolaigo.testsuite.search.SearchTestSuiteTestng@7609e871]
                     </div>
                     <div>
                        <b>Start time: </b>15:58:20
                     </div>
                     <div>
                        <b>End time: </b>15:59:01
                     </div>
                     <div>
                        <b>Duration: </b>41
                        				s
                        			
                     </div>
                  </div>
               </td>
            </tr>
            <tr></tr>
         </table>
         <br></br>
      </div>
      <div style="margin-top: 15px; color: gray; text-align: center; font-size: 9px;">
         			Generated with
         			
         <a href="http://code.google.com/p/testng-xslt/" style="color: #8888aa;"
            target="_blank">
            				TestNG XSLT
            
         </a>
      </div>
   </body>
</html>